IQ-TREE multicore version 2.1.1 COVID-edition for Linux 64-bit built Aug 22 2020
Developed by Bui Quang Minh, James Barbetti, Nguyen Lam Tung,
Olga Chernomor, Heiko Schmidt, Dominik Schrempf, Michael Woodhams.

Host:    i31 (AVX2, FMA3, 503 GB RAM)
Command: iqtree2 -m GTR+ASC -s strain_tree/Bd_1.BdBrazil.SNP.mfa -nt AUTO -bb 1000 -alrt 1000
Seed:    583036 (Using SPRNG - Scalable Parallel Random Number Generator)
Time:    Thu May 27 03:37:34 2021
Kernel:  AVX+FMA - auto-detect threads (6 CPU cores detected)

Reading alignment file strain_tree/Bd_1.BdBrazil.SNP.mfa ... Fasta format detected
Alignment most likely contains DNA/RNA sequences
Alignment has 58 sequences with 127093 columns, 76747 distinct patterns
127017 parsimony-informative, 76 singleton sites, 0 constant sites
            Gap/Ambiguity  Composition  p-value
   1  CLFT095       0.54%    failed      0.05%
   2  CLFT060       0.59%    failed      0.03%
   3  CLFT043       0.64%    passed     26.76%
   4  CLFT021       9.81%    passed     52.68%
   5  CLFT166       0.80%    passed     12.32%
   6  CLFT075       0.60%    failed      0.34%
   7  CLFT136       1.24%    failed      0.00%
   8  CLFT001       0.89%    failed      0.00%
   9  CLFT061       1.36%    failed      0.00%
  10  CLFT065       0.99%    failed      0.00%
  11  CLFT037       0.66%    passed     51.41%
  12  CLFT024-02    3.73%    failed      0.00%
  13  CLFT045       0.50%    failed      1.47%
  14  CLFT039       1.84%    failed      0.03%
  15  CLFT148       1.38%    failed      0.00%
  16  CLFT026       8.23%    passed     33.33%
  17  CLFT062       0.59%    failed      0.04%
  18  CLFT132       0.68%    failed      0.54%
  19  CLFT023       8.23%    failed      0.58%
  20  CLFT024       8.01%    failed      0.00%
  21  CLFT114       0.59%    passed      8.60%
  22  CLFT088       0.72%    failed      0.21%
  23  CLFT067       1.22%    failed      0.00%
  24  CLFT086       0.55%    failed      0.98%
  25  CLFT070       1.27%    failed      0.00%
  26  CLFT120       0.63%    failed      4.86%
  27  CLFT133       0.49%    failed      1.72%
  28  CLFT111       0.74%    passed     20.47%
  29  CLFT068       1.32%    failed      0.00%
  30  CLFT165       1.42%    failed      0.00%
  31  CLFT130       0.75%    failed      0.59%
  32  CLFT073       0.72%    failed      0.03%
  33  CLFT101       0.75%    failed      4.26%
  34  LFT001_10     7.29%    failed      0.00%
  35  CLFT100       0.71%    failed      0.36%
  36  CLFT071       1.28%    failed      0.00%
  37  CLFT044       1.12%    failed      0.00%
  38  CLFT063       0.47%    failed      0.43%
  39  CLFT157       0.80%    failed      3.15%
  40  CLFT160       1.22%    passed     58.17%
  41  CLFT097       0.61%    passed     11.96%
  42  CLFT078       0.59%    failed      1.86%
  43  CLFT156       0.66%    failed      0.43%
  44  CLFT085       0.63%    failed      0.47%
  45  CLFT139       1.18%    failed      0.00%
  46  CLFT129       0.86%    failed      4.03%
  47  CLFT126       0.62%    passed     82.96%
  48  CLFT082       0.68%    failed      0.47%
  49  CLFT144       1.44%    failed      0.00%
  50  CLFT167       0.74%    failed      0.82%
  51  CLFT163       1.09%    passed     21.99%
  52  CLFT080       0.45%    failed      4.22%
  53  CLFT107       0.76%    failed      0.10%
  54  CLFT123       0.78%    passed     14.73%
  55  CLFT152       0.93%    passed     57.85%
  56  CLFT048       0.54%    failed      2.96%
  57  CLFT131       0.45%    passed      6.20%
  58  CLFT138       0.71%    failed      0.19%
****  TOTAL         1.54%  44 sequences failed composition chi2 test (p-value<5%; df=3)
NOTE: minimal branch length is reduced to 0.000000786825 for long alignment

Create initial parsimony tree by phylogenetic likelihood library (PLL)... 0.741 seconds
Generating 1000 samples for ultrafast bootstrap (seed: 583036)...

NOTE: 437 MB RAM (0 GB) is required!
Measuring multi-threading efficiency up to 6 CPU cores
5 trees examined
Threads: 1 / Time: 7.113 sec / Speedup: 1.000 / Efficiency: 100% / LogL: -5223622
Threads: 2 / Time: 3.764 sec / Speedup: 1.890 / Efficiency: 95% / LogL: -5223622
Threads: 3 / Time: 3.776 sec / Speedup: 1.884 / Efficiency: 63% / LogL: -5223622
Threads: 4 / Time: 3.686 sec / Speedup: 1.930 / Efficiency: 48% / LogL: -5223622
BEST NUMBER OF THREADS: 2

Estimate model parameters (epsilon = 0.100)
1. Initial log-likelihood: -3656754.238
2. Current log-likelihood: -3164200.649
3. Current log-likelihood: -3160846.798
4. Current log-likelihood: -3160843.917
Optimal log-likelihood: -3160843.906
Rate parameters:  A-C: 1.05567  A-G: 11.29069  A-T: 0.48382  C-G: 0.45304  C-T: 11.03404  G-T: 1.00000
Base frequencies:  A: 0.248  C: 0.253  G: 0.250  T: 0.250
Parameters optimization took 4 rounds (34.725 sec)
Computing ML distances based on estimated model parameters...
Computing ML distances took 0.329615 sec (of wall-clock time) 0.651250 sec(of CPU time)
Computing RapidNJ tree took 0.000611 sec (of wall-clock time) 0.000575 sec (of CPU time)
Log-likelihood of RapidNJ tree: -3179287.600
--------------------------------------------------------------------
|             INITIALIZING CANDIDATE TREE SET                      |
--------------------------------------------------------------------
Generating 98 parsimony trees... 112.863 second
Computing log-likelihood of 98 initial trees ... 51.234 seconds
Current best score: -3160038.791

Do NNI search on 20 best initial trees
Estimate model parameters (epsilon = 0.100)
BETTER TREE FOUND at iteration 1: -3158402.073
Iteration 10 / LogL: -3158740.824 / Time: 0h:5m:12s
Iteration 20 / LogL: -3160353.220 / Time: 0h:6m:29s
Finish initializing candidate tree set (20)
Current best tree score: -3158402.073 / CPU time: 328.096
Number of iterations: 20
--------------------------------------------------------------------
|               OPTIMIZING CANDIDATE TREE SET                      |
--------------------------------------------------------------------
Estimate model parameters (epsilon = 0.100)
BETTER TREE FOUND at iteration 23: -3158074.628
Iteration 30 / LogL: -3158643.440 / Time: 0h:8m:0s (0h:25m:38s left)
Iteration 40 / LogL: -3158261.101 / Time: 0h:9m:30s (0h:20m:11s left)
Estimate model parameters (epsilon = 0.100)
BETTER TREE FOUND at iteration 43: -3157859.550
Iteration 50 / LogL: -3162816.105 / Time: 0h:11m:3s (0h:20m:58s left)
Log-likelihood cutoff on original alignment: -3159608.691
Iteration 60 / LogL: -3158103.240 / Time: 0h:12m:26s (0h:17m:29s left)
Estimate model parameters (epsilon = 0.100)
BETTER TREE FOUND at iteration 68: -3157852.246
Iteration 70 / LogL: -3159486.044 / Time: 0h:13m:54s (0h:19m:43s left)
Iteration 80 / LogL: -3158582.450 / Time: 0h:15m:18s (0h:17m:1s left)
Iteration 90 / LogL: -3159299.982 / Time: 0h:16m:39s (0h:14m:34s left)
Estimate model parameters (epsilon = 0.100)
UPDATE BEST LOG-LIKELIHOOD: -3157747.020
Iteration 100 / LogL: -3158407.385 / Time: 0h:18m:0s (0h:12m:21s left)
Log-likelihood cutoff on original alignment: -3159024.520
NOTE: Bootstrap correlation coefficient of split occurrence frequencies: 0.982
NOTE: UFBoot does not converge, continue at least 100 more iterations
Iteration 110 / LogL: -3158276.560 / Time: 0h:19m:20s (0h:15m:57s left)
Iteration 120 / LogL: -3159440.866 / Time: 0h:20m:36s (0h:13m:50s left)
Iteration 130 / LogL: -3157903.947 / Time: 0h:21m:46s (0h:11m:48s left)
Iteration 140 / LogL: -3158249.897 / Time: 0h:23m:4s (0h:9m:57s left)
Iteration 150 / LogL: -3157887.103 / Time: 0h:24m:26s (0h:8m:11s left)
Log-likelihood cutoff on original alignment: -3159024.520
Iteration 160 / LogL: -3159524.918 / Time: 0h:25m:47s (0h:6m:28s left)
Iteration 170 / LogL: -3157840.410 / Time: 0h:27m:7s (0h:4m:48s left)
Iteration 180 / LogL: -3157799.885 / Time: 0h:28m:29s (0h:3m:10s left)
Iteration 190 / LogL: -3157860.973 / Time: 0h:29m:46s (0h:1m:34s left)
Iteration 200 / LogL: -3157765.354 / Time: 0h:30m:58s (0h:0m:0s left)
Log-likelihood cutoff on original alignment: -3159024.520
NOTE: Bootstrap correlation coefficient of split occurrence frequencies: 0.995
TREE SEARCH COMPLETED AFTER 200 ITERATIONS / Time: 0h:30m:58s

--------------------------------------------------------------------
|                    FINALIZING TREE SEARCH                        |
--------------------------------------------------------------------
Performs final model parameters optimization
Estimate model parameters (epsilon = 0.010)
1. Initial log-likelihood: -3157747.020
Optimal log-likelihood: -3157747.009
Rate parameters:  A-C: 1.05504  A-G: 11.28876  A-T: 0.48245  C-G: 0.45184  C-T: 11.03911  G-T: 1.00000
Base frequencies:  A: 0.248  C: 0.253  G: 0.250  T: 0.250
Parameters optimization took 1 rounds (2.337 sec)
BEST SCORE FOUND : -3157747.009

Testing tree branches by SH-like aLRT with 1000 replicates...
66.741 sec.
Creating bootstrap support values...
Split supports printed to NEXUS file strain_tree/Bd_1.BdBrazil.SNP.mfa.splits.nex
Total tree length: 7.201

Total number of iterations: 200
CPU time used for tree search: 3486.058 sec (0h:58m:6s)
Wall-clock time used for tree search: 1797.457 sec (0h:29m:57s)
Total CPU time used: 3742.522 sec (1h:2m:22s)
Total wall-clock time used: 1928.141 sec (0h:32m:8s)

Computing bootstrap consensus tree...
Reading input file strain_tree/Bd_1.BdBrazil.SNP.mfa.splits.nex...
58 taxa and 218 splits.
Consensus tree written to strain_tree/Bd_1.BdBrazil.SNP.mfa.contree
Reading input trees file strain_tree/Bd_1.BdBrazil.SNP.mfa.contree
Log-likelihood of consensus tree: -3157933.307

Analysis results written to: 
  IQ-TREE report:                strain_tree/Bd_1.BdBrazil.SNP.mfa.iqtree
  Maximum-likelihood tree:       strain_tree/Bd_1.BdBrazil.SNP.mfa.treefile
  Likelihood distances:          strain_tree/Bd_1.BdBrazil.SNP.mfa.mldist

Ultrafast bootstrap approximation results written to:
  Split support values:          strain_tree/Bd_1.BdBrazil.SNP.mfa.splits.nex
  Consensus tree:                strain_tree/Bd_1.BdBrazil.SNP.mfa.contree
  Screen log file:               strain_tree/Bd_1.BdBrazil.SNP.mfa.log

Date and Time: Thu May 27 04:09:48 2021
